<?xml version="1.0" encoding="UTF-8"?>
<!-- Generated by org.testng.reporters.JUnitXMLReporter -->
<testsuite ignored="0" hostname="PS-LAP-NOI-" failures="0" tests="4" name="Default test" time="8.076" errors="0" timestamp="2026-04-18T22:14:53 IST">
  <testcase classname="api.Test.Pet_CRUD" name="userShouldLoginSuccessfully" time="3.642"/>
  <testcase classname="api.Test.Pet_CRUD" name="userShouldAbleToCreatePetSuccessfully" time="1.52"/>
  <testcase classname="api.Test.Pet_CRUD" name="userShouldViewPetByID" time="1.53"/>
  <testcase classname="api.Test.Pet_CRUD" name="userShouldNotAllowedToViewByInvlidID" time="1.322"/>
</testsuite> <!-- Default test -->
