<?xml version="1.0" encoding="UTF-8"?>
<!-- Generated by org.testng.reporters.JUnitXMLReporter -->
<testsuite ignored="0" hostname="PS-LAP-NOI-" failures="0" tests="3" name="Default test" time="9.361" errors="0" timestamp="2026-04-19T11:19:52 IST">
  <testcase classname="api.Test.DataDrivenTest" name="userShouldLoginSuccessfully" time="4.47"/>
  <testcase classname="api.Test.DataDrivenTest" name="userShouldAbleToCreatePetSuccessfully" time="1.866"/>
  <testcase classname="api.Test.DataDrivenTest" name="userShouldAbleToCreatePetSuccessfully" time="1.663"/>
</testsuite> <!-- Default test -->
