<?xml version="1.0" encoding="UTF-8"?>
<!-- Generated by org.testng.reporters.JUnitXMLReporter -->
<testsuite ignored="1" hostname="PS-LAP-NOI-" failures="1" tests="8" name="Test" time="20.495" errors="0" timestamp="2026-04-09T08:12:53 IST">
  <testcase classname="api.Test.Contacts_CRUD" name="createUser" time="2.053"/>
  <testcase classname="api.Test.Contacts_CRUD" name="editContactDeatils" time="1.61"/>
  <testcase classname="api.Test.Contacts_CRUD" name="viewContactAfterUpdate" time="1.895"/>
  <testcase classname="api.Test.Contacts_CRUD" name="deleteContact" time="2.383"/>
  <testcase classname="api.Test.Contacts_CRUD" name="viewContactAfterDelete" time="1.804">
    <skipped/>
  </testcase> <!-- viewContactAfterDelete -->
  <testcase classname="api.Test.Contacts_CRUD" name="viewContactAfterDelete" time="2.142">
    <skipped/>
  </testcase> <!-- viewContactAfterDelete -->
  <testcase classname="api.Test.Contacts_CRUD" name="viewContactAfterDelete" time="1.637">
    <skipped/>
  </testcase> <!-- viewContactAfterDelete -->
  <testcase classname="api.Test.Contacts_CRUD" name="viewContactAfterDelete" time="1.638">
    <failure type="java.lang.AssertionError" message="The following asserts failed:
	expected [206] but found [200],
	expected [206] but found [200],
	expected [206] but found [200],
	expected [206] but found [200]">
      <![CDATA[java.lang.AssertionError: The following asserts failed:
expected [206] but found [200],
expected [206] but found [200],
expected [206] but found [200],
expected [206] but found [200]
at api.Test.Contacts_CRUD.viewContactAfterDelete(Contacts_CRUD.java:217)
at java.base/java.util.ArrayList.forEach(ArrayList.java:1596)
... Removed 27 stack frames]]>
    </failure>
  </testcase> <!-- viewContactAfterDelete -->
  <testcase classname="api.Test.Contacts_CRUD" name="viewContact" time="0.0">
    <ignored/>
  </testcase> <!-- viewContact -->
</testsuite> <!-- Test -->
