<?xml version="1.0" encoding="UTF-8"?>
<!-- Generated by org.testng.reporters.JUnitXMLReporter -->
<testsuite ignored="1" hostname="Nikhil-LP" failures="1" tests="8" name="Test" time="30.256" errors="0" timestamp="2025-03-17T13:03:34 IST">
  <testcase classname="api.Test.Contacts_CRUD" name="createUser" time="1.85"/>
  <testcase classname="api.Test.Contacts_CRUD" name="editContactDeatils" time="1.647"/>
  <testcase classname="api.Test.Contacts_CRUD" name="viewContactAfterUpdate" time="1.497"/>
  <testcase classname="api.Test.Contacts_CRUD" name="deleteContact" time="1.808"/>
  <testcase classname="api.Test.Contacts_CRUD" name="viewContactAfterDelete" time="1.515">
    <skipped/>
  </testcase> <!-- viewContactAfterDelete -->
  <testcase classname="api.Test.Contacts_CRUD" name="viewContactAfterDelete" time="1.494">
    <skipped/>
  </testcase> <!-- viewContactAfterDelete -->
  <testcase classname="api.Test.Contacts_CRUD" name="viewContactAfterDelete" time="1.56">
    <skipped/>
  </testcase> <!-- viewContactAfterDelete -->
  <testcase classname="api.Test.Contacts_CRUD" name="viewContactAfterDelete" time="1.627">
    <failure type="java.lang.AssertionError" message="The following asserts failed:
	expected [206] but found [200],
	expected [206] but found [200],
	expected [206] but found [200],
	expected [206] but found [200]">
      <![CDATA[java.lang.AssertionError: The following asserts failed:
expected [206] but found [200],
expected [206] but found [200],
expected [206] but found [200],
expected [206] but found [200]
at api.Test.Contacts_CRUD.viewContactAfterDelete(Contacts_CRUD.java:217)
at java.base/java.util.ArrayList.forEach(ArrayList.java:1511)
... Removed 33 stack frames]]>
    </failure>
  </testcase> <!-- viewContactAfterDelete -->
  <testcase classname="api.Test.Contacts_CRUD" name="viewContact" time="0.0">
    <ignored/>
  </testcase> <!-- viewContact -->
</testsuite> <!-- Test -->
