<?xml version="1.0" encoding="UTF-8"?>
<testsuite xmlns:xsi="http://www.w3.org/2001/XMLSchema-instance" xsi:noNamespaceSchemaLocation="https://maven.apache.org/surefire/maven-surefire-plugin/xsd/surefire-test-report-3.0.xsd" version="3.0" name="TestSuite" time="31.552" tests="8" errors="0" skipped="3" failures="1">
  <properties>
[...]
</properties>
  <testcase name="createUser" classname="api.Test.Contacts_CRUD" time="1.878">
    <system-out><![CDATA[HTTP/1.1 200 OK
Server: Cowboy
Report-To: {"group":"heroku-nel","max_age":3600,"endpoints":[{"url":"https://nel.heroku.com/reports?ts=1742196776&sid=af571f24-03ee-46d1-9f90-ab9030c2c74c&s=19cgfMDIlowJmR6GZyqWBA%2BIxYEuRNDE1iuS5fdbD6o%3D"}]}
Reporting-Endpoints: heroku-nel=https://nel.heroku.com/reports?ts=1742196776&sid=af571f24-03ee-46d1-9f90-ab9030c2c74c&s=19cgfMDIlowJmR6GZyqWBA%2BIxYEuRNDE1iuS5fdbD6o%3D
Nel: {"report_to":"heroku-nel","max_age":3600,"success_fraction":0.005,"failure_fraction":0.05,"response_headers":["Via"]}
Connection: keep-alive
X-Powered-By: Express
Set-Cookie: token=eyJhbGciOiJIUzI1NiIsInR5cCI6IkpXVCJ9.eyJfaWQiOiI2NzgxNTRiNWZlMTgxMzAwMTM2YjhhZDEiLCJpYXQiOjE3NDIxOTY3NzZ9.wo3Lixw_XLFDPOUKv5VZ83OjrJoVIeqjm0pjznL8ydo; Max-Age=36000; Path=/; Expires=Mon, 17 Mar 2025 17:32:56 GMT
Content-Type: application/json; charset=utf-8
Content-Length: 296
Etag: W/"128-NBYlkEk3XYUtG9Aw4xkpKUtZx6c"
Date: Mon, 17 Mar 2025 07:32:56 GMT
Via: 1.1 vegur

{
    "user": {
        "_id": "678154b5fe181300136b8ad1",
        "firstName": "Nikhil",
        "lastName": "Kharkhodia",
        "email": "nikhil.kharkhodia@gmail.com",
        "__v": 260
    },
    "token": "eyJhbGciOiJIUzI1NiIsInR5cCI6IkpXVCJ9.eyJfaWQiOiI2NzgxNTRiNWZlMTgxMzAwMTM2YjhhZDEiLCJpYXQiOjE3NDIxOTY3NzZ9.wo3Lixw_XLFDPOUKv5VZ83OjrJoVIeqjm0pjznL8ydo"
}
Test execution is going to start from QA
HTTP/1.1 201 Created
Server: Cowboy
Report-To: {"group":"heroku-nel","max_age":3600,"endpoints":[{"url":"https://nel.heroku.com/reports?ts=1742196779&sid=af571f24-03ee-46d1-9f90-ab9030c2c74c&s=C8bJhxf3TtPivx0cmw1ANigqD6Pj7G%2FGtmzri1oHMHA%3D"}]}
Reporting-Endpoints: heroku-nel=https://nel.heroku.com/reports?ts=1742196779&sid=af571f24-03ee-46d1-9f90-ab9030c2c74c&s=C8bJhxf3TtPivx0cmw1ANigqD6Pj7G%2FGtmzri1oHMHA%3D
Nel: {"report_to":"heroku-nel","max_age":3600,"success_fraction":0.005,"failure_fraction":0.05,"response_headers":["Via"]}
Connection: keep-alive
X-Powered-By: Express
Content-Type: application/json; charset=utf-8
Content-Length: 314
Etag: W/"13a-YzBJC8T8Jio+OEXu+W4AHz26WaU"
Date: Mon, 17 Mar 2025 07:32:59 GMT
Via: 1.1 vegur

{
    "_id": "67d7d02b56a3850013dd12fe",
    "lastName": "Breitenberg",
    "birthdate": "1986-10-08",
    "email": "rachele.hermann@gmail.com",
    "phone": "037858",
    "street1": "059 Jacobi Courts",
    "city": "GZB",
    "stateProvince": "UttarPardesh",
    "postalCode": "92307",
    "country": "India",
    "firstName": "Alvina",
    "owner": "678154b5fe181300136b8ad1",
    "__v": 0
}
Test execution is Success , plesse check the extent report for more deatils
]]></system-out>
    <system-err><![CDATA[SLF4J(W): No SLF4J providers were found.
SLF4J(W): Defaulting to no-operation (NOP) logger implementation
SLF4J(W): See https://www.slf4j.org/codes.html#noProviders for further details.
]]></system-err>
  </testcase>
  <testcase name="editContactDeatils" classname="api.Test.Contacts_CRUD" time="1.74">
    <system-out><![CDATA[Test execution is going to start from QA
HTTP/1.1 200 OK
Server: Cowboy
Report-To: {"group":"heroku-nel","max_age":3600,"endpoints":[{"url":"https://nel.heroku.com/reports?ts=1742196780&sid=af571f24-03ee-46d1-9f90-ab9030c2c74c&s=UDBdjxY4n5uvV0yfFwqfufzv%2BXz%2FkWdrPSKpDi%2Fi26o%3D"}]}
Reporting-Endpoints: heroku-nel=https://nel.heroku.com/reports?ts=1742196780&sid=af571f24-03ee-46d1-9f90-ab9030c2c74c&s=UDBdjxY4n5uvV0yfFwqfufzv%2BXz%2FkWdrPSKpDi%2Fi26o%3D
Nel: {"report_to":"heroku-nel","max_age":3600,"success_fraction":0.005,"failure_fraction":0.05,"response_headers":["Via"]}
Connection: keep-alive
X-Powered-By: Express
Content-Type: application/json; charset=utf-8
Content-Length: 322
Etag: W/"142-ta2rCiBseNo7IGbkTmP6Vmpe6Tk"
Date: Mon, 17 Mar 2025 07:33:00 GMT
Via: 1.1 vegur

{
    "_id": "67d7d02b56a3850013dd12fe",
    "lastName": "Beatty",
    "birthdate": "1986-10-10",
    "email": "rudy.runte@gmail.com",
    "phone": "076703",
    "street1": "0482 Schowalter Highway",
    "city": "Lahor",
    "stateProvince": "Islamabad",
    "postalCode": "53535",
    "country": "Pak",
    "firstName": "Darryl",
    "owner": "678154b5fe181300136b8ad1",
    "__v": 0,
    "street2": null
}
Test execution is Success , plesse check the extent report for more deatils
]]></system-out>
  </testcase>
  <testcase name="viewContactAfterUpdate" classname="api.Test.Contacts_CRUD" time="1.609">
    <system-out><![CDATA[Test execution is going to start from QA
HTTP/1.1 200 OK
Server: Cowboy
Report-To: {"group":"heroku-nel","max_age":3600,"endpoints":[{"url":"https://nel.heroku.com/reports?ts=1742196782&sid=af571f24-03ee-46d1-9f90-ab9030c2c74c&s=FOZ4Bo8FeJOrEMlpvXFhAYw%2FqQ56ZD%2Fk%2BgbeK28JLlQ%3D"}]}
Reporting-Endpoints: heroku-nel=https://nel.heroku.com/reports?ts=1742196782&sid=af571f24-03ee-46d1-9f90-ab9030c2c74c&s=FOZ4Bo8FeJOrEMlpvXFhAYw%2FqQ56ZD%2Fk%2BgbeK28JLlQ%3D
Nel: {"report_to":"heroku-nel","max_age":3600,"success_fraction":0.005,"failure_fraction":0.05,"response_headers":["Via"]}
Connection: keep-alive
X-Powered-By: Express
Content-Type: application/json; charset=utf-8
Content-Length: 1661
Etag: W/"67d-QNOzC8fYB9PeypTHDBmWX+120N8"
Date: Mon, 17 Mar 2025 07:33:02 GMT
Via: 1.1 vegur

[
    {
        "_id": "67d7d02b56a3850013dd12fe",
        "lastName": "Beatty",
        "birthdate": "1986-10-10",
        "email": "rudy.runte@gmail.com",
        "phone": "076703",
        "street1": "0482 Schowalter Highway",
        "city": "Lahor",
        "stateProvince": "Islamabad",
        "postalCode": "53535",
        "country": "Pak",
        "firstName": "Darryl",
        "owner": "678154b5fe181300136b8ad1",
        "__v": 0,
        "street2": null
    },
    {
        "_id": "67b1645499330100136d5d96",
        "firstName": "Waltraud",
        "lastName": "Hayes",
        "birthdate": "1893-10-03",
        "email": "ayana.mcdermott@yahoo.com",
        "phone": "842-885-8261",
        "street1": "3312",
        "street2": "Apt. 204",
        "city": "Nellville",
        "stateProvince": "Mississippi",
        "postalCode": "62903-1243",
        "country": "Senegal",
        "owner": "678154b5fe181300136b8ad1",
        "__v": 0
    },
    {
        "_id": "67ad68a68c4f700013759037",
        "firstName": "Nikhil",
        "lastName": "Kharkhodia",
        "email": "nikhil.kharkhodia@puresoftware.com",
        "phone": "09990919192",
        "street1": "G-238, Street Number- 3, Govindpuram",
        "city": "Ghaziabad",
        "stateProvince": "UttarPardesh",
        "postalCode": "201013",
        "country": "India",
        "owner": "678154b5fe181300136b8ad1",
        "__v": 0
    },
    {
        "_id": "67ad68fe7dd36c001393a4a1",
        "firstName": "Nikhil",
        "lastName": "Kharkhodia",
        "email": "nikhil.kharkhodia@puresoftware.com",
        "phone": "09990919192",
        "street1": "G-238, Street Number- 3, Govindpuram",
        "city": "Ghaziabad",
        "stateProvince": "UttarPardesh",
        "postalCode": "201013",
        "country": "India",
        "owner": "678154b5fe181300136b8ad1",
        "__v": 0
    },
    {
        "_id": "67b2c946553d8d0013073b19",
        "firstName": "Richard",
        "lastName": "Stamm",
        "birthdate": "1893-10-03",
        "email": "everette.mcglynn@gmail.com",
        "phone": "400-771-0921",
        "street1": "7726",
        "street2": "Apt. 543",
        "city": "Bartolettiland",
        "stateProvince": "Michigan",
        "postalCode": "61262-7118",
        "country": "Bangladesh",
        "owner": "678154b5fe181300136b8ad1",
        "__v": 0
    }
]
Found the Valid user Id
Test execution is Success , plesse check the extent report for more deatils
]]></system-out>
  </testcase>
  <testcase name="deleteContact" classname="api.Test.Contacts_CRUD" time="1.657">
    <system-out><![CDATA[Test execution is going to start from QA
HTTP/1.1 200 OK
Server: Cowboy
Report-To: {"group":"heroku-nel","max_age":3600,"endpoints":[{"url":"https://nel.heroku.com/reports?ts=1742196783&sid=af571f24-03ee-46d1-9f90-ab9030c2c74c&s=Wtne43foqKh55a5sHagCOVJpc10lCpeuGUHwYCoBjFA%3D"}]}
Reporting-Endpoints: heroku-nel=https://nel.heroku.com/reports?ts=1742196783&sid=af571f24-03ee-46d1-9f90-ab9030c2c74c&s=Wtne43foqKh55a5sHagCOVJpc10lCpeuGUHwYCoBjFA%3D
Nel: {"report_to":"heroku-nel","max_age":3600,"success_fraction":0.005,"failure_fraction":0.05,"response_headers":["Via"]}
Connection: keep-alive
X-Powered-By: Express
Content-Type: text/html; charset=utf-8
Content-Length: 15
Etag: W/"f-smqnjm2ArsFbkvZ+qy6N7Dow4bQ"
Date: Mon, 17 Mar 2025 07:33:03 GMT
Via: 1.1 vegur

<html>
  <body>Contact deleted</body>
</html>
Test execution is Success , plesse check the extent report for more deatils
]]></system-out>
  </testcase>
  <testcase name="viewContactAfterDelete" classname="api.Test.Contacts_CRUD" time="0">
    <skipped message="The following asserts failed:&#10;	expected [206] but found [200]"/>
    <system-out><![CDATA[Test execution is going to start from QA
HTTP/1.1 200 OK
Server: Cowboy
Report-To: {"group":"heroku-nel","max_age":3600,"endpoints":[{"url":"https://nel.heroku.com/reports?ts=1742196785&sid=af571f24-03ee-46d1-9f90-ab9030c2c74c&s=AigrGoSy5iEHcF8liNKQ1HydY5acgtYK5cAts8TEqzE%3D"}]}
Reporting-Endpoints: heroku-nel=https://nel.heroku.com/reports?ts=1742196785&sid=af571f24-03ee-46d1-9f90-ab9030c2c74c&s=AigrGoSy5iEHcF8liNKQ1HydY5acgtYK5cAts8TEqzE%3D
Nel: {"report_to":"heroku-nel","max_age":3600,"success_fraction":0.005,"failure_fraction":0.05,"response_headers":["Via"]}
Connection: keep-alive
X-Powered-By: Express
Content-Type: application/json; charset=utf-8
Content-Length: 1338
Etag: W/"53a-qW9fLcfNjRRZDUXIARbstjB/VUw"
Date: Mon, 17 Mar 2025 07:33:05 GMT
Via: 1.1 vegur

[
    {
        "_id": "67b1645499330100136d5d96",
        "firstName": "Waltraud",
        "lastName": "Hayes",
        "birthdate": "1893-10-03",
        "email": "ayana.mcdermott@yahoo.com",
        "phone": "842-885-8261",
        "street1": "3312",
        "street2": "Apt. 204",
        "city": "Nellville",
        "stateProvince": "Mississippi",
        "postalCode": "62903-1243",
        "country": "Senegal",
        "owner": "678154b5fe181300136b8ad1",
        "__v": 0
    },
    {
        "_id": "67ad68a68c4f700013759037",
        "firstName": "Nikhil",
        "lastName": "Kharkhodia",
        "email": "nikhil.kharkhodia@puresoftware.com",
        "phone": "09990919192",
        "street1": "G-238, Street Number- 3, Govindpuram",
        "city": "Ghaziabad",
        "stateProvince": "UttarPardesh",
        "postalCode": "201013",
        "country": "India",
        "owner": "678154b5fe181300136b8ad1",
        "__v": 0
    },
    {
        "_id": "67ad68fe7dd36c001393a4a1",
        "firstName": "Nikhil",
        "lastName": "Kharkhodia",
        "email": "nikhil.kharkhodia@puresoftware.com",
        "phone": "09990919192",
        "street1": "G-238, Street Number- 3, Govindpuram",
        "city": "Ghaziabad",
        "stateProvince": "UttarPardesh",
        "postalCode": "201013",
        "country": "India",
        "owner": "678154b5fe181300136b8ad1",
        "__v": 0
    },
    {
        "_id": "67b2c946553d8d0013073b19",
        "firstName": "Richard",
        "lastName": "Stamm",
        "birthdate": "1893-10-03",
        "email": "everette.mcglynn@gmail.com",
        "phone": "400-771-0921",
        "street1": "7726",
        "street2": "Apt. 543",
        "city": "Bartolettiland",
        "stateProvince": "Michigan",
        "postalCode": "61262-7118",
        "country": "Bangladesh",
        "owner": "678154b5fe181300136b8ad1",
        "__v": 0
    }
]
Deleted the user Contact details
Retrying test: viewContactAfterDelete | Attempt: 1
Test execution is skipped , plesse check the extent report or logs for more deatils
]]></system-out>
  </testcase>
  <testcase name="viewContactAfterDelete" classname="api.Test.Contacts_CRUD" time="0">
    <skipped message="The following asserts failed:&#10;	expected [206] but found [200],&#10;	expected [206] but found [200]"/>
    <system-out><![CDATA[Test execution is going to start from QA
HTTP/1.1 200 OK
Server: Cowboy
Report-To: {"group":"heroku-nel","max_age":3600,"endpoints":[{"url":"https://nel.heroku.com/reports?ts=1742196787&sid=af571f24-03ee-46d1-9f90-ab9030c2c74c&s=RJJsLiR3tfiR2xAtuWqua2oeuq8J1%2FjUv7oz%2FE8Opks%3D"}]}
Reporting-Endpoints: heroku-nel=https://nel.heroku.com/reports?ts=1742196787&sid=af571f24-03ee-46d1-9f90-ab9030c2c74c&s=RJJsLiR3tfiR2xAtuWqua2oeuq8J1%2FjUv7oz%2FE8Opks%3D
Nel: {"report_to":"heroku-nel","max_age":3600,"success_fraction":0.005,"failure_fraction":0.05,"response_headers":["Via"]}
Connection: keep-alive
X-Powered-By: Express
Content-Type: application/json; charset=utf-8
Content-Length: 1338
Etag: W/"53a-qW9fLcfNjRRZDUXIARbstjB/VUw"
Date: Mon, 17 Mar 2025 07:33:07 GMT
Via: 1.1 vegur

[
    {
        "_id": "67b1645499330100136d5d96",
        "firstName": "Waltraud",
        "lastName": "Hayes",
        "birthdate": "1893-10-03",
        "email": "ayana.mcdermott@yahoo.com",
        "phone": "842-885-8261",
        "street1": "3312",
        "street2": "Apt. 204",
        "city": "Nellville",
        "stateProvince": "Mississippi",
        "postalCode": "62903-1243",
        "country": "Senegal",
        "owner": "678154b5fe181300136b8ad1",
        "__v": 0
    },
    {
        "_id": "67ad68a68c4f700013759037",
        "firstName": "Nikhil",
        "lastName": "Kharkhodia",
        "email": "nikhil.kharkhodia@puresoftware.com",
        "phone": "09990919192",
        "street1": "G-238, Street Number- 3, Govindpuram",
        "city": "Ghaziabad",
        "stateProvince": "UttarPardesh",
        "postalCode": "201013",
        "country": "India",
        "owner": "678154b5fe181300136b8ad1",
        "__v": 0
    },
    {
        "_id": "67ad68fe7dd36c001393a4a1",
        "firstName": "Nikhil",
        "lastName": "Kharkhodia",
        "email": "nikhil.kharkhodia@puresoftware.com",
        "phone": "09990919192",
        "street1": "G-238, Street Number- 3, Govindpuram",
        "city": "Ghaziabad",
        "stateProvince": "UttarPardesh",
        "postalCode": "201013",
        "country": "India",
        "owner": "678154b5fe181300136b8ad1",
        "__v": 0
    },
    {
        "_id": "67b2c946553d8d0013073b19",
        "firstName": "Richard",
        "lastName": "Stamm",
        "birthdate": "1893-10-03",
        "email": "everette.mcglynn@gmail.com",
        "phone": "400-771-0921",
        "street1": "7726",
        "street2": "Apt. 543",
        "city": "Bartolettiland",
        "stateProvince": "Michigan",
        "postalCode": "61262-7118",
        "country": "Bangladesh",
        "owner": "678154b5fe181300136b8ad1",
        "__v": 0
    }
]
Deleted the user Contact details
Retrying test: viewContactAfterDelete | Attempt: 2
Test execution is skipped , plesse check the extent report or logs for more deatils
]]></system-out>
  </testcase>
  <testcase name="viewContactAfterDelete" classname="api.Test.Contacts_CRUD" time="0">
    <skipped message="The following asserts failed:&#10;	expected [206] but found [200],&#10;	expected [206] but found [200],&#10;	expected [206] but found [200]"/>
    <system-out><![CDATA[Test execution is going to start from QA
HTTP/1.1 200 OK
Server: Cowboy
Report-To: {"group":"heroku-nel","max_age":3600,"endpoints":[{"url":"https://nel.heroku.com/reports?ts=1742196788&sid=af571f24-03ee-46d1-9f90-ab9030c2c74c&s=bL%2FxkeskEObXIS6FeRcidArFqCwdgKSf%2ByyHgzyxek0%3D"}]}
Reporting-Endpoints: heroku-nel=https://nel.heroku.com/reports?ts=1742196788&sid=af571f24-03ee-46d1-9f90-ab9030c2c74c&s=bL%2FxkeskEObXIS6FeRcidArFqCwdgKSf%2ByyHgzyxek0%3D
Nel: {"report_to":"heroku-nel","max_age":3600,"success_fraction":0.005,"failure_fraction":0.05,"response_headers":["Via"]}
Connection: keep-alive
X-Powered-By: Express
Content-Type: application/json; charset=utf-8
Content-Length: 1338
Etag: W/"53a-qW9fLcfNjRRZDUXIARbstjB/VUw"
Date: Mon, 17 Mar 2025 07:33:08 GMT
Via: 1.1 vegur

[
    {
        "_id": "67b1645499330100136d5d96",
        "firstName": "Waltraud",
        "lastName": "Hayes",
        "birthdate": "1893-10-03",
        "email": "ayana.mcdermott@yahoo.com",
        "phone": "842-885-8261",
        "street1": "3312",
        "street2": "Apt. 204",
        "city": "Nellville",
        "stateProvince": "Mississippi",
        "postalCode": "62903-1243",
        "country": "Senegal",
        "owner": "678154b5fe181300136b8ad1",
        "__v": 0
    },
    {
        "_id": "67ad68a68c4f700013759037",
        "firstName": "Nikhil",
        "lastName": "Kharkhodia",
        "email": "nikhil.kharkhodia@puresoftware.com",
        "phone": "09990919192",
        "street1": "G-238, Street Number- 3, Govindpuram",
        "city": "Ghaziabad",
        "stateProvince": "UttarPardesh",
        "postalCode": "201013",
        "country": "India",
        "owner": "678154b5fe181300136b8ad1",
        "__v": 0
    },
    {
        "_id": "67ad68fe7dd36c001393a4a1",
        "firstName": "Nikhil",
        "lastName": "Kharkhodia",
        "email": "nikhil.kharkhodia@puresoftware.com",
        "phone": "09990919192",
        "street1": "G-238, Street Number- 3, Govindpuram",
        "city": "Ghaziabad",
        "stateProvince": "UttarPardesh",
        "postalCode": "201013",
        "country": "India",
        "owner": "678154b5fe181300136b8ad1",
        "__v": 0
    },
    {
        "_id": "67b2c946553d8d0013073b19",
        "firstName": "Richard",
        "lastName": "Stamm",
        "birthdate": "1893-10-03",
        "email": "everette.mcglynn@gmail.com",
        "phone": "400-771-0921",
        "street1": "7726",
        "street2": "Apt. 543",
        "city": "Bartolettiland",
        "stateProvince": "Michigan",
        "postalCode": "61262-7118",
        "country": "Bangladesh",
        "owner": "678154b5fe181300136b8ad1",
        "__v": 0
    }
]
Deleted the user Contact details
Retrying test: viewContactAfterDelete | Attempt: 3
Test execution is skipped , plesse check the extent report or logs for more deatils
]]></system-out>
  </testcase>
  <testcase name="viewContactAfterDelete" classname="api.Test.Contacts_CRUD" time="1.669">
    <failure message="The following asserts failed:&#10;	expected [206] but found [200],&#10;	expected [206] but found [200],&#10;	expected [206] but found [200],&#10;	expected [206] but found [200]" type="java.lang.AssertionError"><![CDATA[java.lang.AssertionError: 
The following asserts failed:
	expected [206] but found [200],
	expected [206] but found [200],
	expected [206] but found [200],
	expected [206] but found [200]
	at org.testng.asserts.SoftAssert.assertAll(SoftAssert.java:46)
	at org.testng.asserts.SoftAssert.assertAll(SoftAssert.java:30)
	at api.Test.Contacts_CRUD.viewContactAfterDelete(Contacts_CRUD.java:217)
	at java.base/jdk.internal.reflect.NativeMethodAccessorImpl.invoke0(Native Method)
	at java.base/jdk.internal.reflect.NativeMethodAccessorImpl.invoke(NativeMethodAccessorImpl.java:77)
	at java.base/jdk.internal.reflect.DelegatingMethodAccessorImpl.invoke(DelegatingMethodAccessorImpl.java:43)
	at java.base/java.lang.reflect.Method.invoke(Method.java:568)
	at org.testng.internal.invokers.MethodInvocationHelper.invokeMethod(MethodInvocationHelper.java:141)
	at org.testng.internal.invokers.TestInvoker.invokeMethod(TestInvoker.java:686)
	at org.testng.internal.invokers.TestInvoker.retryFailed(TestInvoker.java:269)
	at org.testng.internal.invokers.MethodRunner.runInSequence(MethodRunner.java:76)
	at org.testng.internal.invokers.TestInvoker$MethodInvocationAgent.invoke(TestInvoker.java:992)
	at org.testng.internal.invokers.TestInvoker.invokeTestMethods(TestInvoker.java:203)
	at org.testng.internal.invokers.TestMethodWorker.invokeTestMethods(TestMethodWorker.java:154)
	at org.testng.internal.invokers.TestMethodWorker.run(TestMethodWorker.java:134)
	at java.base/java.util.ArrayList.forEach(ArrayList.java:1511)
	at org.testng.TestRunner.privateRun(TestRunner.java:739)
	at org.testng.TestRunner.run(TestRunner.java:614)
	at org.testng.SuiteRunner.runTest(SuiteRunner.java:421)
	at org.testng.SuiteRunner.runSequentially(SuiteRunner.java:413)
	at org.testng.SuiteRunner.privateRun(SuiteRunner.java:373)
	at org.testng.SuiteRunner.run(SuiteRunner.java:312)
	at org.testng.SuiteRunnerWorker.runSuite(SuiteRunnerWorker.java:52)
	at org.testng.SuiteRunnerWorker.run(SuiteRunnerWorker.java:95)
	at org.testng.TestNG.runSuitesSequentially(TestNG.java:1274)
	at org.testng.TestNG.runSuitesLocally(TestNG.java:1208)
	at org.testng.TestNG.runSuites(TestNG.java:1112)
	at org.testng.TestNG.run(TestNG.java:1079)
	at org.apache.maven.surefire.testng.TestNGExecutor.run(TestNGExecutor.java:324)
	at org.apache.maven.surefire.testng.TestNGXmlTestSuite.execute(TestNGXmlTestSuite.java:74)
	at org.apache.maven.surefire.testng.TestNGProvider.invoke(TestNGProvider.java:123)
	at org.apache.maven.surefire.booter.ForkedBooter.runSuitesInProcess(ForkedBooter.java:456)
	at org.apache.maven.surefire.booter.ForkedBooter.execute(ForkedBooter.java:169)
	at org.apache.maven.surefire.booter.ForkedBooter.run(ForkedBooter.java:595)
	at org.apache.maven.surefire.booter.ForkedBooter.main(ForkedBooter.java:581)
]]></failure>
    <system-out><![CDATA[Test execution is going to start from QA
HTTP/1.1 200 OK
Server: Cowboy
Report-To: {"group":"heroku-nel","max_age":3600,"endpoints":[{"url":"https://nel.heroku.com/reports?ts=1742196790&sid=af571f24-03ee-46d1-9f90-ab9030c2c74c&s=PgEq%2BulmHD8H%2F2xaNWODg6zWkCpnefEUnPUt6aDRP8E%3D"}]}
Reporting-Endpoints: heroku-nel=https://nel.heroku.com/reports?ts=1742196790&sid=af571f24-03ee-46d1-9f90-ab9030c2c74c&s=PgEq%2BulmHD8H%2F2xaNWODg6zWkCpnefEUnPUt6aDRP8E%3D
Nel: {"report_to":"heroku-nel","max_age":3600,"success_fraction":0.005,"failure_fraction":0.05,"response_headers":["Via"]}
Connection: keep-alive
X-Powered-By: Express
Content-Type: application/json; charset=utf-8
Content-Length: 1338
Etag: W/"53a-qW9fLcfNjRRZDUXIARbstjB/VUw"
Date: Mon, 17 Mar 2025 07:33:10 GMT
Via: 1.1 vegur

[
    {
        "_id": "67b1645499330100136d5d96",
        "firstName": "Waltraud",
        "lastName": "Hayes",
        "birthdate": "1893-10-03",
        "email": "ayana.mcdermott@yahoo.com",
        "phone": "842-885-8261",
        "street1": "3312",
        "street2": "Apt. 204",
        "city": "Nellville",
        "stateProvince": "Mississippi",
        "postalCode": "62903-1243",
        "country": "Senegal",
        "owner": "678154b5fe181300136b8ad1",
        "__v": 0
    },
    {
        "_id": "67ad68a68c4f700013759037",
        "firstName": "Nikhil",
        "lastName": "Kharkhodia",
        "email": "nikhil.kharkhodia@puresoftware.com",
        "phone": "09990919192",
        "street1": "G-238, Street Number- 3, Govindpuram",
        "city": "Ghaziabad",
        "stateProvince": "UttarPardesh",
        "postalCode": "201013",
        "country": "India",
        "owner": "678154b5fe181300136b8ad1",
        "__v": 0
    },
    {
        "_id": "67ad68fe7dd36c001393a4a1",
        "firstName": "Nikhil",
        "lastName": "Kharkhodia",
        "email": "nikhil.kharkhodia@puresoftware.com",
        "phone": "09990919192",
        "street1": "G-238, Street Number- 3, Govindpuram",
        "city": "Ghaziabad",
        "stateProvince": "UttarPardesh",
        "postalCode": "201013",
        "country": "India",
        "owner": "678154b5fe181300136b8ad1",
        "__v": 0
    },
    {
        "_id": "67b2c946553d8d0013073b19",
        "firstName": "Richard",
        "lastName": "Stamm",
        "birthdate": "1893-10-03",
        "email": "everette.mcglynn@gmail.com",
        "phone": "400-771-0921",
        "street1": "7726",
        "street2": "Apt. 543",
        "city": "Bartolettiland",
        "stateProvince": "Michigan",
        "postalCode": "61262-7118",
        "country": "Bangladesh",
        "owner": "678154b5fe181300136b8ad1",
        "__v": 0
    }
]
Deleted the user Contact details
Test execution is failed , plesse check the extent report or logs for more deatils
]]></system-out>
  </testcase>
</testsuite>