<?xml version="1.0" encoding="UTF-8"?>
<testng-results ignored="0" total="2" passed="2" failed="0" skipped="0">
  <reporter-output>
  </reporter-output>
  <suite started-at="2026-04-14T09:50:00 IST" name="Default suite" finished-at="2026-04-14T09:50:04 IST" duration-ms="4400">
    <groups>
    </groups>
    <test started-at="2026-04-14T09:50:00 IST" name="Default test" finished-at="2026-04-14T09:50:04 IST" duration-ms="4400">
      <class name="api.Test.AddBookCRUD">
        <test-method is-config="true" signature="setUpData()[pri:0, instance:api.Test.AddBookCRUD@3eb738bb]" started-at="2026-04-14T09:50:00 IST" name="setUpData" finished-at="2026-04-14T09:50:01 IST" duration-ms="910" status="PASS">
          <reporter-output>
          </reporter-output>
        </test-method> <!-- setUpData -->
        <test-method signature="addBook()[pri:1, instance:api.Test.AddBookCRUD@3eb738bb]" started-at="2026-04-14T09:50:01 IST" name="addBook" finished-at="2026-04-14T09:50:04 IST" duration-ms="3098" status="PASS">
          <reporter-output>
          </reporter-output>
        </test-method> <!-- addBook -->
        <test-method signature="viewBookByID()[pri:2, instance:api.Test.AddBookCRUD@3eb738bb]" started-at="2026-04-14T09:50:04 IST" name="viewBookByID" finished-at="2026-04-14T09:50:04 IST" duration-ms="349" status="PASS">
          <reporter-output>
          </reporter-output>
        </test-method> <!-- viewBookByID -->
      </class> <!-- api.Test.AddBookCRUD -->
    </test> <!-- Default test -->
  </suite> <!-- Default suite -->
</testng-results>
