<?xml version="1.0" encoding="UTF-8"?>
<testng-results ignored="0" total="3" passed="3" failed="0" skipped="0">
  <reporter-output>
  </reporter-output>
  <suite started-at="2026-04-19T11:19:43 IST" name="Default suite" finished-at="2026-04-19T11:19:52 IST" duration-ms="9361">
    <groups>
    </groups>
    <test started-at="2026-04-19T11:19:43 IST" name="Default test" finished-at="2026-04-19T11:19:52 IST" duration-ms="9361">
      <class name="api.Test.DataDrivenTest">
        <test-method is-config="true" signature="setUpData()[pri:0, instance:api.Test.DataDrivenTest@7ce97ee5]" started-at="2026-04-19T11:19:43 IST" name="setUpData" finished-at="2026-04-19T11:19:43 IST" duration-ms="18" status="PASS">
          <reporter-output>
          </reporter-output>
        </test-method> <!-- setUpData -->
        <test-method signature="userShouldLoginSuccessfully(java.lang.String,java.lang.String)[pri:1, instance:api.Test.DataDrivenTest@7ce97ee5]" started-at="2026-04-19T11:19:44 IST" name="userShouldLoginSuccessfully" data-provider="Data" finished-at="2026-04-19T11:19:48 IST" duration-ms="4470" status="PASS">
          <params>
            <param index="0">
              <value>
                <![CDATA[nikhil.kharkhodia@gmail.com]]>
              </value>
            </param>
            <param index="1">
              <value>
                <![CDATA[Nikhil@8]]>
              </value>
            </param>
          </params>
          <reporter-output>
          </reporter-output>
        </test-method> <!-- userShouldLoginSuccessfully -->
        <test-method signature="userShouldAbleToCreatePetSuccessfully(java.lang.String,java.lang.String,java.lang.String,java.lang.String,java.lang.String,java.lang.String,java.lang.String)[pri:2, instance:api.Test.DataDrivenTest@7ce97ee5]" started-at="2026-04-19T11:19:49 IST" name="userShouldAbleToCreatePetSuccessfully" data-provider="PetData" finished-at="2026-04-19T11:19:50 IST" depends-on-methods="api.Test.DataDrivenTest.userShouldLoginSuccessfully" duration-ms="1866" status="PASS">
          <params>
            <param index="0">
              <value>
                <![CDATA[102]]>
              </value>
            </param>
            <param index="1">
              <value>
                <![CDATA[Nik]]>
              </value>
            </param>
            <param index="2">
              <value>
                <![CDATA[available]]>
              </value>
            </param>
            <param index="3">
              <value>
                <![CDATA[2]]>
              </value>
            </param>
            <param index="4">
              <value>
                <![CDATA[Agastya]]>
              </value>
            </param>
            <param index="5">
              <value>
                <![CDATA[3]]>
              </value>
            </param>
            <param index="6">
              <value>
                <![CDATA[Neha]]>
              </value>
            </param>
          </params>
          <reporter-output>
          </reporter-output>
        </test-method> <!-- userShouldAbleToCreatePetSuccessfully -->
        <test-method signature="userShouldAbleToCreatePetSuccessfully(java.lang.String,java.lang.String,java.lang.String,java.lang.String,java.lang.String,java.lang.String,java.lang.String)[pri:2, instance:api.Test.DataDrivenTest@7ce97ee5]" started-at="2026-04-19T11:19:50 IST" name="userShouldAbleToCreatePetSuccessfully" data-provider="PetData" finished-at="2026-04-19T11:19:52 IST" depends-on-methods="api.Test.DataDrivenTest.userShouldLoginSuccessfully" duration-ms="1663" status="PASS">
          <params>
            <param index="0">
              <value>
                <![CDATA[103]]>
              </value>
            </param>
            <param index="1">
              <value>
                <![CDATA[Nikhil]]>
              </value>
            </param>
            <param index="2">
              <value>
                <![CDATA[available]]>
              </value>
            </param>
            <param index="3">
              <value>
                <![CDATA[3]]>
              </value>
            </param>
            <param index="4">
              <value>
                <![CDATA[Agastya 2]]>
              </value>
            </param>
            <param index="5">
              <value>
                <![CDATA[4]]>
              </value>
            </param>
            <param index="6">
              <value>
                <![CDATA[Neha 2]]>
              </value>
            </param>
          </params>
          <reporter-output>
          </reporter-output>
        </test-method> <!-- userShouldAbleToCreatePetSuccessfully -->
      </class> <!-- api.Test.DataDrivenTest -->
    </test> <!-- Default test -->
  </suite> <!-- Default suite -->
</testng-results>
