<?xml version="1.0" encoding="UTF-8"?>
<!-- Generated by org.testng.reporters.JUnitReportReporter -->
<testsuite hostname="PS-LAP-NOI-" failures="0" tests="3" name="api.Test.DataDrivenTest" time="7.999" errors="0" timestamp="2026-04-19T11:19:52 IST" skipped="0">
  <testcase classname="api.Test.DataDrivenTest" name="userShouldLoginSuccessfully" time="4.470"/>
  <testcase classname="api.Test.DataDrivenTest" name="userShouldAbleToCreatePetSuccessfully" time="1.866"/>
  <testcase classname="api.Test.DataDrivenTest" name="userShouldAbleToCreatePetSuccessfully" time="1.663"/>
</testsuite> <!-- api.Test.DataDrivenTest -->
