<?xml version="1.0" encoding="UTF-8"?>
<!-- Generated by org.testng.reporters.JUnitReportReporter -->
<testsuite hostname="PS-LAP-NOI-" failures="0" tests="4" name="api.Test.AddBookCRUD" time="3.069" errors="0" timestamp="2026-04-17T08:28:20 IST" skipped="0">
  <testcase classname="api.Test.AddBookCRUD" name="shouldAddBookSuccessfully" time="2.408"/>
  <testcase classname="api.Test.AddBookCRUD" name="shouldFetchBookByIdSuccessfully" time="0.229"/>
  <testcase classname="api.Test.AddBookCRUD" name="shouldFetchBookByAutherNameSuccessfully" time="0.241"/>
  <testcase classname="api.Test.AddBookCRUD" name="shouldDeleteBookSuccessfully" time="0.191"/>
</testsuite> <!-- api.Test.AddBookCRUD -->
