<?xml version="1.0" encoding="UTF-8"?>
<!-- Generated by org.testng.reporters.JUnitReportReporter -->
<testsuite hostname="Nikhil-LP" failures="0" tests="3" name="TestBasicDay1.LoginTest" time="6.693" errors="0" timestamp="2026-01-18T10:12:17 IST" skipped="0">
  <testcase classname="TestBasicDay1.LoginTest" name="userLogin" time="4.180"/>
  <testcase classname="TestBasicDay1.LoginTest" name="createContact" time="1.326"/>
  <testcase classname="TestBasicDay1.LoginTest" name="deleteContact" time="1.187"/>
</testsuite> <!-- TestBasicDay1.LoginTest -->
