<?xml version="1.0" encoding="UTF-8"?>
<!-- Generated by org.testng.reporters.JUnitReportReporter -->
<testsuite hostname="PS-LAP-NOI-" failures="0" tests="4" name="api.Test.Pet_CRUD" time="8.014" errors="0" timestamp="2026-04-18T22:14:53 IST" skipped="0">
  <testcase classname="api.Test.Pet_CRUD" name="userShouldLoginSuccessfully" time="3.642"/>
  <testcase classname="api.Test.Pet_CRUD" name="userShouldAbleToCreatePetSuccessfully" time="1.520"/>
  <testcase classname="api.Test.Pet_CRUD" name="userShouldViewPetByID" time="1.530"/>
  <testcase classname="api.Test.Pet_CRUD" name="userShouldNotAllowedToViewByInvlidID" time="1.322"/>
</testsuite> <!-- api.Test.Pet_CRUD -->
